# JRE version: OpenJDK Runtime Environment (11.0.11+9) (build 11.0.11+9-b60-7590822)
# Java VM: OpenJDK 64-Bit Server VM (11.0.11+9-b60-7590822, mixed mode, tiered, compressed oops, g1 gc, windows-amd64)
Heap:
 garbage-first heap   total 225280K, used 108647K [0x0000000080000000, 0x0000000100000000)
  region size 1024K, 7 young (7168K), 4 survivors (4096K)
 Metaspace       used 121266K, capacity 124382K, committed 124656K, reserved 1157120K
  class space    used 15364K, capacity 16520K, committed 16588K, reserved 1048576K
GC Heap History (20 events):
Event: 18.393 GC heap before
{Heap before GC invocations=24 (full 0):
 garbage-first heap   total 225280K, used 152068K [0x0000000080000000, 0x0000000100000000)
  region size 1024K, 60 young (61440K), 6 survivors (6144K)
 Metaspace       used 92265K, capacity 94395K, committed 94576K, reserved 1132544K
  class space    used 11761K, capacity 12578K, committed 12620K, reserved 1048576K
}
Event: 18.403 GC heap after
{Heap after GC invocations=25 (full 0):
 garbage-first heap   total 225280K, used 101698K [0x0000000080000000, 0x0000000100000000)
  region size 1024K, 7 young (7168K), 7 survivors (7168K)
 Metaspace       used 92265K, capacity 94395K, committed 94576K, reserved 1132544K
  class space    used 11761K, capacity 12578K, committed 12620K, reserved 1048576K
}
Event: 21.291 GC heap before
{Heap before GC invocations=25 (full 0):
 garbage-first heap   total 225280K, used 158018K [0x0000000080000000, 0x0000000100000000)
  region size 1024K, 63 young (64512K), 7 survivors (7168K)
 Metaspace       used 93273K, capacity 95420K, committed 95728K, reserved 1132544K
  class space    used 11868K, capacity 12666K, committed 12748K, reserved 1048576K
}
Event: 21.302 GC heap after
{Heap after GC invocations=26 (full 0):
 garbage-first heap   total 225280K, used 104754K [0x0000000080000000, 0x0000000100000000)
  region size 1024K, 7 young (7168K), 7 survivors (7168K)
 Metaspace       used 93273K, capacity 95420K, committed 95728K, reserved 1132544K
  class space    used 11868K, capacity 12666K, committed 12748K, reserved 1048576K
}
Event: 22.357 GC heap before
{Heap before GC invocations=26 (full 0):
 garbage-first heap   total 225280K, used 166194K [0x0000000080000000, 0x0000000100000000)
  region size 1024K, 66 young (67584K), 7 survivors (7168K)
 Metaspace       used 100483K, capacity 102758K, committed 103024K, reserved 1138688K
  class space    used 12767K, capacity 13622K, committed 13644K, reserved 1048576K
}
Event: 22.370 GC heap after
{Heap after GC invocations=27 (full 0):
 garbage-first heap   total 225280K, used 113014K [0x0000000080000000, 0x0000000100000000)
  region size 1024K, 9 young (9216K), 9 survivors (9216K)
 Metaspace       used 100483K, capacity 102758K, committed 103024K, reserved 1138688K
  class space    used 12767K, capacity 13622K, committed 13644K, reserved 1048576K
}
Event: 23.020 GC heap before
{Heap before GC invocations=27 (full 0):
 garbage-first heap   total 225280K, used 143734K [0x0000000080000000, 0x0000000100000000)
  region size 1024K, 40 young (40960K), 9 survivors (9216K)
 Metaspace       used 102279K, capacity 104664K, committed 104816K, reserved 1140736K
  class space    used 12971K, capacity 13828K, committed 13900K, reserved 1048576K
}
Event: 23.029 GC heap after
{Heap after GC invocations=28 (full 0):
 garbage-first heap   total 225280K, used 113044K [0x0000000080000000, 0x0000000100000000)
  region size 1024K, 2 young (2048K), 2 survivors (2048K)
 Metaspace       used 102279K, capacity 104664K, committed 104816K, reserved 1140736K
  class space    used 12971K, capacity 13828K, committed 13900K, reserved 1048576K
}
Event: 23.899 GC heap before
{Heap before GC invocations=29 (full 0):
 garbage-first heap   total 225280K, used 155028K [0x0000000080000000, 0x0000000100000000)
  region size 1024K, 52 young (53248K), 2 survivors (2048K)
 Metaspace       used 109724K, capacity 112489K, committed 112496K, reserved 1146880K
  class space    used 14138K, capacity 15180K, committed 15180K, reserved 1048576K
}
Event: 23.913 GC heap after
{Heap after GC invocations=30 (full 0):
 garbage-first heap   total 225280K, used 109888K [0x0000000080000000, 0x0000000100000000)
  region size 1024K, 7 young (7168K), 7 survivors (7168K)
 Metaspace       used 109724K, capacity 112489K, committed 112496K, reserved 1146880K
  class space    used 14138K, capacity 15180K, committed 15180K, reserved 1048576K
}
Event: 23.991 GC heap before
{Heap before GC invocations=30 (full 0):
 garbage-first heap   total 225280K, used 112960K [0x0000000080000000, 0x0000000100000000)
  region size 1024K, 11 young (11264K), 7 survivors (7168K)
 Metaspace       used 110700K, capacity 113582K, committed 113776K, reserved 1148928K
  class space    used 14290K, capacity 15397K, committed 15436K, reserved 1048576K
}
Event: 24.000 GC heap after
{Heap after GC invocations=31 (full 0):
 garbage-first heap   total 225280K, used 105917K [0x0000000080000000, 0x0000000100000000)
  region size 1024K, 1 young (1024K), 1 survivors (1024K)
 Metaspace       used 110700K, capacity 113582K, committed 113776K, reserved 1148928K
  class space    used 14290K, capacity 15397K, committed 15436K, reserved 1048576K
}
Event: 24.723 GC heap before
{Heap before GC invocations=31 (full 0):
 garbage-first heap   total 225280K, used 144829K [0x0000000080000000, 0x0000000100000000)
  region size 1024K, 41 young (41984K), 1 survivors (1024K)
 Metaspace       used 113723K, capacity 116881K, committed 116976K, reserved 1150976K
  class space    used 14606K, capacity 15794K, committed 15820K, reserved 1048576K
}
Event: 24.729 GC heap after
{Heap after GC invocations=32 (full 0):
 garbage-first heap   total 225280K, used 107069K [0x0000000080000000, 0x0000000100000000)
  region size 1024K, 3 young (3072K), 3 survivors (3072K)
 Metaspace       used 113723K, capacity 116881K, committed 116976K, reserved 1150976K
  class space    used 14606K, capacity 15794K, committed 15820K, reserved 1048576K
}
Event: 25.972 GC heap before
{Heap before GC invocations=33 (full 0):
 garbage-first heap   total 225280K, used 171581K [0x0000000080000000, 0x0000000100000000)
  region size 1024K, 60 young (61440K), 3 survivors (3072K)
 Metaspace       used 117273K, capacity 120294K, committed 120560K, reserved 1153024K
  class space    used 15096K, capacity 16214K, committed 16332K, reserved 1048576K
}
Event: 25.979 GC heap after
{Heap after GC invocations=34 (full 0):
 garbage-first heap   total 225280K, used 104592K [0x0000000080000000, 0x0000000100000000)
  region size 1024K, 2 young (2048K), 2 survivors (2048K)
 Metaspace       used 117273K, capacity 120294K, committed 120560K, reserved 1153024K
  class space    used 15096K, capacity 16214K, committed 16332K, reserved 1048576K
}
Event: 26.137 GC heap before
{Heap before GC invocations=34 (full 0):
 garbage-first heap   total 225280K, used 112784K [0x0000000080000000, 0x0000000100000000)
  region size 1024K, 11 young (11264K), 2 survivors (2048K)
 Metaspace       used 118984K, capacity 122070K, committed 122352K, reserved 1155072K
  class space    used 15261K, capacity 16400K, committed 16588K, reserved 1048576K
}
Event: 26.144 GC heap after
{Heap after GC invocations=35 (full 0):
 garbage-first heap   total 225280K, used 102824K [0x0000000080000000, 0x0000000100000000)
  region size 1024K, 1 young (1024K), 1 survivors (1024K)
 Metaspace       used 118984K, capacity 122070K, committed 122352K, reserved 1155072K
  class space    used 15261K, capacity 16400K, committed 16588K, reserved 1048576K
}
Event: 1307.801 GC heap before
{Heap before GC invocations=35 (full 0):
 garbage-first heap   total 225280K, used 167336K [0x0000000080000000, 0x0000000100000000)
  region size 1024K, 65 young (66560K), 1 survivors (1024K)
 Metaspace       used 121157K, capacity 124294K, committed 124400K, reserved 1157120K
  class space    used 15362K, capacity 16516K, committed 16588K, reserved 1048576K
}
Event: 1307.823 GC heap after
{Heap after GC invocations=36 (full 0):
 garbage-first heap   total 225280K, used 106599K [0x0000000080000000, 0x0000000100000000)
  region size 1024K, 4 young (4096K), 4 survivors (4096K)
 Metaspace       used 121157K, capacity 124294K, committed 124400K, reserved 1157120K
  class space    used 15362K, capacity 16516K, committed 16588K, reserved 1048576K
}

